manifest-merger-release-report.txt
-- Merging decision tree log ---
manifest
ADDED from AndroidManifest.xml:2:1
	package
		ADDED from AndroidManifest.xml:3:5
		INJECTED from AndroidManifest.xml:0:0
		INJECTED from AndroidManifest.xml:0:0
	android:versionName
		INJECTED from AndroidManifest.xml:0:0
		INJECTED from AndroidManifest.xml:0:0
	xmlns:android
		ADDED from AndroidManifest.xml:2:11
	android:versionCode
		INJECTED from AndroidManifest.xml:0:0
		INJECTED from AndroidManifest.xml:0:0
uses-permission#android.permission.MOUNT_UNMOUNT_FILESYSTEMS
ADDED from AndroidManifest.xml:6:5
	android:name
		ADDED from AndroidManifest.xml:6:22
uses-permission#android.permission.WRITE_EXTERNAL_STORAGE
ADDED from AndroidManifest.xml:8:5
MERGED from :wukongim_1.2.3::13:5
	android:name
		ADDED from AndroidManifest.xml:8:22
uses-permission#android.permission.INTERNET
ADDED from AndroidManifest.xml:9:5
MERGED from :wukongim_1.2.3::14:5
	android:name
		ADDED from AndroidManifest.xml:9:22
uses-permission#android.permission.ACCESS_WIFI_STATE
ADDED from AndroidManifest.xml:11:5
MERGED from :wukongim_1.2.3::15:5
	android:name
		ADDED from AndroidManifest.xml:11:22
uses-permission#android.permission.READ_EXTERNAL_STORAGE
ADDED from AndroidManifest.xml:12:5
MERGED from :wukongim_1.2.3::12:5
	android:name
		ADDED from AndroidManifest.xml:12:22
uses-permission#android.permission.ACCESS_NETWORK_STATE
ADDED from AndroidManifest.xml:13:5
MERGED from :wukongim_1.2.3::16:5
	android:name
		ADDED from AndroidManifest.xml:13:22
uses-permission#android.permission.CAMERA
ADDED from AndroidManifest.xml:14:5
	android:name
		ADDED from AndroidManifest.xml:14:22
uses-permission#android.permission.RECORD_AUDIO
ADDED from AndroidManifest.xml:15:5
MERGED from :doraemon-multimedia-1.9.1::9:5
	android:name
		ADDED from AndroidManifest.xml:15:22
uses-permission#android.permission.MODIFY_AUDIO_SETTINGS
ADDED from AndroidManifest.xml:16:5
MERGED from :doraemon-multimedia-1.9.1::10:5
	android:name
		ADDED from AndroidManifest.xml:16:22
uses-permission#android.permission.WRITE_SETTINGS
ADDED from AndroidManifest.xml:17:5
MERGED from :wukongim_1.2.3::17:5
	android:name
		ADDED from AndroidManifest.xml:17:22
uses-permission#android.permission.ACCESS_COARSE_UPDATES
ADDED from AndroidManifest.xml:18:5
	android:name
		ADDED from AndroidManifest.xml:18:22
uses-permission#android.permission.GET_TASKS
ADDED from AndroidManifest.xml:19:5
	android:name
		ADDED from AndroidManifest.xml:19:22
uses-permission#android.permission.VIBRATE
ADDED from AndroidManifest.xml:22:5
	android:name
		ADDED from AndroidManifest.xml:22:22
application
ADDED from AndroidManifest.xml:24:5
MERGED from com.android.support:appcompat-v7:22.0.0:22:5
MERGED from com.android.support:support-v4:22.0.0:22:5
MERGED from com.ikimuhendis:ldrawer:0.1:11:5
MERGED from com.android.support:support-v4:22.0.0:22:5
MERGED from :wukongim_1.2.3::19:5
MERGED from :doraemon-multimedia-1.9.1::12:5
MERGED from com.android.support:support-v4:22.0.0:22:5
	android:label
		ADDED from AndroidManifest.xml:28:9
	android:allowBackup
		ADDED from AndroidManifest.xml:26:9
	android:icon
		ADDED from AndroidManifest.xml:27:9
	android:theme
		ADDED from AndroidManifest.xml:29:9
	android:name
		ADDED from AndroidManifest.xml:25:9
meta-data#lwp.extension
ADDED from AndroidManifest.xml:31:9
	android:value
		ADDED from AndroidManifest.xml:31:49
	android:name
		ADDED from AndroidManifest.xml:31:20
meta-data#wk.appKey
ADDED from AndroidManifest.xml:34:9
	android:value
		ADDED from AndroidManifest.xml:34:45
	android:name
		ADDED from AndroidManifest.xml:34:20
service#com.laiwang.protocol.android.LWPService
ADDED from AndroidManifest.xml:37:9
	android:exported
		ADDED from AndroidManifest.xml:38:68
	android:name
		ADDED from AndroidManifest.xml:38:13
meta-data#AUDIOCACHE:com.alibaba.doraemon.impl.cache.CacheFetcher
ADDED from AndroidManifest.xml:41:9
MERGED from :doraemon-multimedia-1.9.1::18:9
	android:value
		ADDED from AndroidManifest.xml:43:13
	android:name
		ADDED from AndroidManifest.xml:42:13
meta-data#IMAGECACHE:com.alibaba.doraemon.impl.cache.CacheFetcher
ADDED from AndroidManifest.xml:44:9
MERGED from :doraemon-multimedia-1.9.1::21:9
	android:value
		ADDED from AndroidManifest.xml:46:13
	android:name
		ADDED from AndroidManifest.xml:45:13
meta-data#IMAGE:com.alibaba.doraemon.impl.image.ImageMagicianFetcher
ADDED from AndroidManifest.xml:47:9
MERGED from :doraemon-multimedia-1.9.1::24:9
	android:value
		ADDED from AndroidManifest.xml:49:13
	android:name
		ADDED from AndroidManifest.xml:48:13
meta-data#AUDIO:com.alibaba.doraemon.impl.audio.AudioMagicianFetcher
ADDED from AndroidManifest.xml:50:9
MERGED from :doraemon-multimedia-1.9.1::27:9
	android:value
		ADDED from AndroidManifest.xml:52:13
	android:name
		ADDED from AndroidManifest.xml:51:13
activity#cn.sdu.online.findteam.activity.OriginActivity
ADDED from AndroidManifest.xml:54:9
	android:theme
		ADDED from AndroidManifest.xml:56:13
	android:name
		ADDED from AndroidManifest.xml:55:13
intent-filter#android.intent.action.MAIN+android.intent.category.LAUNCHER
ADDED from AndroidManifest.xml:57:13
action#android.intent.action.MAIN
ADDED from AndroidManifest.xml:58:17
	android:name
		ADDED from AndroidManifest.xml:58:25
category#android.intent.category.LAUNCHER
ADDED from AndroidManifest.xml:60:17
	android:name
		ADDED from AndroidManifest.xml:60:27
activity#cn.sdu.online.findteam.activity.LoginActivity
ADDED from AndroidManifest.xml:64:9
	android:theme
		ADDED from AndroidManifest.xml:66:13
	android:name
		ADDED from AndroidManifest.xml:65:13
activity#cn.sdu.online.findteam.activity.RegisterActivity
ADDED from AndroidManifest.xml:68:9
	android:theme
		ADDED from AndroidManifest.xml:70:13
	android:name
		ADDED from AndroidManifest.xml:69:13
activity#cn.sdu.online.findteam.activity.MainActivity
ADDED from AndroidManifest.xml:72:9
	android:theme
		ADDED from AndroidManifest.xml:74:13
	android:name
		ADDED from AndroidManifest.xml:73:13
activity#cn.sdu.online.findteam.activity.InfoPersonActivity
ADDED from AndroidManifest.xml:76:9
	android:theme
		ADDED from AndroidManifest.xml:78:13
	android:name
		ADDED from AndroidManifest.xml:77:13
activity#cn.sdu.online.findteam.activity.InfoOtherActivity
ADDED from AndroidManifest.xml:80:9
	android:theme
		ADDED from AndroidManifest.xml:82:13
	android:name
		ADDED from AndroidManifest.xml:81:13
activity#cn.sdu.online.findteam.activity.SingleCompetitionActivity
ADDED from AndroidManifest.xml:84:9
	android:theme
		ADDED from AndroidManifest.xml:86:13
	android:name
		ADDED from AndroidManifest.xml:85:13
activity#cn.sdu.online.findteam.activity.OtherTeamActivity
ADDED from AndroidManifest.xml:88:9
	android:theme
		ADDED from AndroidManifest.xml:90:13
	android:name
		ADDED from AndroidManifest.xml:89:13
activity#cn.sdu.online.findteam.activity.TeamLogActivity
ADDED from AndroidManifest.xml:92:9
	android:windowSoftInputMode
		ADDED from AndroidManifest.xml:95:13
	android:theme
		ADDED from AndroidManifest.xml:94:13
	android:name
		ADDED from AndroidManifest.xml:93:13
activity#cn.sdu.online.findteam.activity.MySingleTeamActivity
ADDED from AndroidManifest.xml:97:9
	android:theme
		ADDED from AndroidManifest.xml:99:13
	android:name
		ADDED from AndroidManifest.xml:98:13
activity#cn.sdu.online.findteam.activity.WriteActivity
ADDED from AndroidManifest.xml:101:9
	android:theme
		ADDED from AndroidManifest.xml:103:13
	android:name
		ADDED from AndroidManifest.xml:102:13
activity#cn.sdu.online.findteam.activity.MyMessageActivity
ADDED from AndroidManifest.xml:105:9
	android:launchMode
		ADDED from AndroidManifest.xml:109:13
	android:exported
		ADDED from AndroidManifest.xml:108:13
	android:theme
		ADDED from AndroidManifest.xml:107:13
	android:name
		ADDED from AndroidManifest.xml:106:13
activity#cn.sdu.online.findteam.activity.ChatActivity
ADDED from AndroidManifest.xml:111:9
	android:windowSoftInputMode
		ADDED from AndroidManifest.xml:114:13
	android:theme
		ADDED from AndroidManifest.xml:113:13
	android:name
		ADDED from AndroidManifest.xml:112:13
activity#cn.sdu.online.findteam.activity.StartActivity
ADDED from AndroidManifest.xml:116:9
	android:theme
		ADDED from AndroidManifest.xml:117:13
	android:name
		ADDED from AndroidManifest.xml:116:19
activity#cn.sdu.online.findteam.activity.ImgShowerActivity
ADDED from AndroidManifest.xml:119:9
	android:theme
		ADDED from AndroidManifest.xml:120:13
	android:name
		ADDED from AndroidManifest.xml:119:19
activity#cn.sdu.online.findteam.activity.InviteNewMemActivity
ADDED from AndroidManifest.xml:122:9
	android:theme
		ADDED from AndroidManifest.xml:123:13
	android:name
		ADDED from AndroidManifest.xml:122:19
activity#cn.sdu.online.findteam.activity.EditTeamSettingActivity
ADDED from AndroidManifest.xml:125:9
	android:windowSoftInputMode
		ADDED from AndroidManifest.xml:127:13
	android:theme
		ADDED from AndroidManifest.xml:126:13
	android:name
		ADDED from AndroidManifest.xml:125:19
activity#cn.sdu.online.findteam.aliwukong.imkit.chat.controller.SingleChatActivity
ADDED from AndroidManifest.xml:130:9
	android:windowSoftInputMode
		ADDED from AndroidManifest.xml:133:13
	android:theme
		ADDED from AndroidManifest.xml:132:13
	android:name
		ADDED from AndroidManifest.xml:131:13
activity#cn.sdu.online.findteam.aliwukong.imkit.chat.controller.GroupChatActivity
ADDED from AndroidManifest.xml:134:9
	android:windowSoftInputMode
		ADDED from AndroidManifest.xml:137:13
	android:theme
		ADDED from AndroidManifest.xml:136:13
	android:name
		ADDED from AndroidManifest.xml:135:13
activity#cn.sdu.online.findteam.aliwukong.user.UserProfileActivity
ADDED from AndroidManifest.xml:138:9
	android:theme
		ADDED from AndroidManifest.xml:140:13
	android:name
		ADDED from AndroidManifest.xml:139:13
activity#cn.sdu.online.findteam.aliwukong.user.EditProfileActivity
ADDED from AndroidManifest.xml:141:9
	android:theme
		ADDED from AndroidManifest.xml:143:13
	android:name
		ADDED from AndroidManifest.xml:142:13
activity#cn.sdu.online.findteam.aliwukong.user.UserAvatarActivity
ADDED from AndroidManifest.xml:144:9
	android:theme
		ADDED from AndroidManifest.xml:146:13
	android:name
		ADDED from AndroidManifest.xml:145:13
activity#cn.sdu.online.findteam.aliwukong.imkit.chat.controller.ImageShowerActivity
ADDED from AndroidManifest.xml:147:9
	android:theme
		ADDED from AndroidManifest.xml:149:13
	android:name
		ADDED from AndroidManifest.xml:148:13
activity#cn.sdu.online.findteam.aliwukong.imkit.chat.controller.ChatSettingActivity
ADDED from AndroidManifest.xml:151:9
	android:theme
		ADDED from AndroidManifest.xml:153:13
	android:name
		ADDED from AndroidManifest.xml:152:13
activity#cn.sdu.online.findteam.activity.NewChatActivity
ADDED from AndroidManifest.xml:156:9
	android:windowSoftInputMode
		ADDED from AndroidManifest.xml:158:13
	android:theme
		ADDED from AndroidManifest.xml:157:13
	android:name
		ADDED from AndroidManifest.xml:156:19
activity#cn.sdu.online.findteam.activity.MyTeamActivity
ADDED from AndroidManifest.xml:160:9
	android:theme
		ADDED from AndroidManifest.xml:161:13
	android:name
		ADDED from AndroidManifest.xml:160:19
activity#cn.sdu.online.findteam.activity.ChangePassActivity
ADDED from AndroidManifest.xml:163:9
	android:windowSoftInputMode
		ADDED from AndroidManifest.xml:165:13
	android:theme
		ADDED from AndroidManifest.xml:164:13
	android:name
		ADDED from AndroidManifest.xml:163:19
activity#cn.sdu.online.findteam.activity.AddFriendActivity
ADDED from AndroidManifest.xml:167:9
	android:windowSoftInputMode
		ADDED from AndroidManifest.xml:169:13
	android:theme
		ADDED from AndroidManifest.xml:168:13
	android:name
		ADDED from AndroidManifest.xml:167:19
uses-sdk
INJECTED from AndroidManifest.xml:0:0 reason: use-sdk injection requested
MERGED from com.android.support:appcompat-v7:22.0.0:20:5
MERGED from com.android.support:support-v4:22.0.0:20:5
MERGED from com.ikimuhendis:ldrawer:0.1:7:5
MERGED from com.android.support:support-v4:22.0.0:20:5
MERGED from :wukongim_1.2.3::7:5
MERGED from :doraemon-multimedia-1.9.1::5:5
MERGED from com.android.support:support-v4:22.0.0:20:5
	android:targetSdkVersion
		INJECTED from AndroidManifest.xml:0:0
		INJECTED from AndroidManifest.xml:0:0
	android:minSdkVersion
		INJECTED from AndroidManifest.xml:0:0
		INJECTED from AndroidManifest.xml:0:0
uses-permission#android.permission.READ_PHONE_STATE
ADDED from :wukongim_1.2.3::11:5
	android:name
		ADDED from :wukongim_1.2.3::11:22
meta-data#TRACE:com.alibaba.doraemon.impl.trace.TraceFetcher
ADDED from :wukongim_1.2.3::20:9
	android:value
		ADDED from :wukongim_1.2.3::22:13
	android:name
		ADDED from :wukongim_1.2.3::21:13
meta-data#STATISTICS:com.alibaba.doraemon.impl.statistics.StatisticsFetcher
ADDED from :wukongim_1.2.3::23:9
	android:value
		ADDED from :wukongim_1.2.3::25:13
	android:name
		ADDED from :wukongim_1.2.3::24:13
meta-data#MONITOR:com.alibaba.doraemon.impl.monitor.MonitorFetcher
ADDED from :wukongim_1.2.3::26:9
	android:value
		ADDED from :wukongim_1.2.3::28:13
	android:name
		ADDED from :wukongim_1.2.3::27:13
meta-data#LIFECYCLE:com.alibaba.doraemon.impl.lifecycle.LifecycleMonitorFetcher
ADDED from :wukongim_1.2.3::29:9
	android:value
		ADDED from :wukongim_1.2.3::31:13
	android:name
		ADDED from :wukongim_1.2.3::30:13
meta-data#CRASHMONITOR:com.alibaba.doraemon.impl.crash.CrashMonitorFetcher
ADDED from :wukongim_1.2.3::32:9
	android:value
		ADDED from :wukongim_1.2.3::34:13
	android:name
		ADDED from :wukongim_1.2.3::33:13
meta-data#CACHE:com.alibaba.doraemon.impl.cache.CacheFetcher
ADDED from :wukongim_1.2.3::35:9
	android:value
		ADDED from :wukongim_1.2.3::37:13
	android:name
		ADDED from :wukongim_1.2.3::36:13
meta-data#REQDEFCACHE:com.alibaba.doraemon.impl.cache.CacheFetcher
ADDED from :wukongim_1.2.3::38:9
	android:value
		ADDED from :wukongim_1.2.3::40:13
	android:name
		ADDED from :wukongim_1.2.3::39:13
meta-data#REQTTMPCACHE:com.alibaba.doraemon.impl.cache.CacheFetcher
ADDED from :wukongim_1.2.3::41:9
	android:value
		ADDED from :wukongim_1.2.3::43:13
	android:name
		ADDED from :wukongim_1.2.3::42:13
meta-data#THREAD:com.alibaba.doraemon.impl.threadpool.ThreadFetcher
ADDED from :wukongim_1.2.3::44:9
	android:value
		ADDED from :wukongim_1.2.3::46:13
	android:name
		ADDED from :wukongim_1.2.3::45:13
meta-data#REQUEST:com.alibaba.doraemon.impl.request.VollyRequestFetcher
ADDED from :wukongim_1.2.3::47:9
	android:value
		ADDED from :wukongim_1.2.3::49:13
	android:name
		ADDED from :wukongim_1.2.3::48:13
meta-data#NAVIGATOR:com.alibaba.doraemon.impl.navigator.NavigatorFetcher
ADDED from :wukongim_1.2.3::50:9
	android:value
		ADDED from :wukongim_1.2.3::52:13
	android:name
		ADDED from :wukongim_1.2.3::51:13
meta-data#EVENTBUTLER:com.alibaba.doraemon.impl.eventbus.EventButlerFetcher
ADDED from :wukongim_1.2.3::53:9
	android:value
		ADDED from :wukongim_1.2.3::55:13
	android:name
		ADDED from :wukongim_1.2.3::54:13